#
# There is insufficient memory for the Java Runtime Environment to continue.
# Native memory allocation (malloc) failed to allocate 1468032 bytes. Error detail: Chunk::new
# Possible reasons:
#   The system is out of physical RAM or swap space
#   This process is running with CompressedOops enabled, and the Java Heap may be blocking the growth of the native heap
# Possible solutions:
#   Reduce memory load on the system
#   Increase physical memory or swap space
#   Check if swap backing store is full
#   Decrease Java heap size (-Xmx/-Xms)
#   Decrease number of Java threads
#   Decrease Java thread stack sizes (-Xss)
#   Set larger code cache with -XX:ReservedCodeCacheSize=
#   JVM is running with Unscaled Compressed Oops mode in which the Java heap is
#     placed in the first 4GB address space. The Java Heap base address is the
#     maximum limit for the native heap growth. Please use -XX:HeapBaseMinAddress
#     to set the Java Heap base and to place the Java Heap above 4GB virtual address.
# This output file may be truncated or incomplete.
#
#  Out of Memory Error (arena.cpp:150), pid=26472, tid=25232
#
# JRE version: Java(TM) SE Runtime Environment (22.0.2+9) (build 22.0.2+9-70)
# Java VM: Java HotSpot(TM) 64-Bit Server VM (22.0.2+9-70, mixed mode, sharing, tiered, compressed oops, compressed class ptrs, g1 gc, windows-amd64)
# No core dump will be written. Minidumps are not enabled by default on client versions of Windows
#

---------------  S U M M A R Y ------------

Command Line: -javaagent:C:\Program Files\JetBrains\IntelliJ IDEA Community Edition 2024.2.1\lib\idea_rt.jar=61874:C:\Program Files\JetBrains\IntelliJ IDEA Community Edition 2024.2.1\bin -Dfile.encoding=UTF-8 -Dsun.stdout.encoding=UTF-8 -Dsun.stderr.encoding=UTF-8 com.aluracursos.literalurachallenge.service.LiteraluraChallengeApplication

Host: Intel(R) Core(TM) i3-7100U CPU @ 2.40GHz, 4 cores, 3G,  Windows 10 , 64 bit Build 19041 (10.0.19041.5072)
Time: Wed Nov 27 21:00:09 2024 Hora est. Pacífico, Sudamérica elapsed time: 58.520995 seconds (0d 0h 0m 58s)

---------------  T H R E A D  ---------------

Current thread (0x0000018bb34771f0):  JavaThread "C2 CompilerThread0" daemon [_thread_in_native, id=25232, stack(0x0000000101400000,0x0000000101500000) (1024K)]


Current CompileTask:
C2:58521 5363       4       org.springframework.core.annotation.TypeMappedAnnotations::get (52 bytes)

Stack: [0x0000000101400000,0x0000000101500000]
Native frames: (J=compiled Java code, j=interpreted, Vv=VM code, C=native code)
V  [jvm.dll+0x6e26e9]  (no source info available)
V  [jvm.dll+0x875753]  (no source info available)
V  [jvm.dll+0x877b7e]  (no source info available)
V  [jvm.dll+0x878253]  (no source info available)
V  [jvm.dll+0x27fc86]  (no source info available)
V  [jvm.dll+0xc3d0f]  (no source info available)
V  [jvm.dll+0xc3f6b]  (no source info available)
V  [jvm.dll+0x3bb47c]  (no source info available)
V  [jvm.dll+0x1df4ac]  (no source info available)
V  [jvm.dll+0x24793c]  (no source info available)
V  [jvm.dll+0x246e9f]  (no source info available)
V  [jvm.dll+0x1c4e80]  (no source info available)
V  [jvm.dll+0x2568f3]  (no source info available)
V  [jvm.dll+0x254baa]  (no source info available)
V  [jvm.dll+0x3f57a6]  (no source info available)
V  [jvm.dll+0x81dc0b]  (no source info available)
V  [jvm.dll+0x6e0d85]  (no source info available)
C  [ucrtbase.dll+0x21bb2]  (no source info available)
C  [KERNEL32.DLL+0x17374]  (no source info available)
C  [ntdll.dll+0x4cc91]  (no source info available)


---------------  P R O C E S S  ---------------

Threads class SMR info:
_java_thread_list=0x0000018bfc268e40, length=19, elements={
0x0000018b969fdd20, 0x0000018bb3467350, 0x0000018bb34684f0, 0x0000018bb346ace0,
0x0000018bb3470660, 0x0000018bb3472500, 0x0000018bb3476460, 0x0000018bb34771f0,
0x0000018bb347a020, 0x0000018bb344ad30, 0x0000018bb3919a10, 0x0000018bb3a77930,
0x0000018bf9257b60, 0x0000018bf9258e60, 0x0000018bb3763730, 0x0000018bfae73870,
0x0000018bfac61a30, 0x0000018bfac64190, 0x0000018bfac63470
}

Java Threads: ( => current thread )
  0x0000018b969fdd20 JavaThread "main"                              [_thread_blocked, id=21768, stack(0x0000000100600000,0x0000000100700000) (1024K)]
  0x0000018bb3467350 JavaThread "Reference Handler"          daemon [_thread_blocked, id=26244, stack(0x0000000100e00000,0x0000000100f00000) (1024K)]
  0x0000018bb34684f0 JavaThread "Finalizer"                  daemon [_thread_blocked, id=26028, stack(0x0000000100f00000,0x0000000101000000) (1024K)]
  0x0000018bb346ace0 JavaThread "Signal Dispatcher"          daemon [_thread_blocked, id=2092, stack(0x0000000101000000,0x0000000101100000) (1024K)]
  0x0000018bb3470660 JavaThread "Attach Listener"            daemon [_thread_blocked, id=21628, stack(0x0000000101100000,0x0000000101200000) (1024K)]
  0x0000018bb3472500 JavaThread "Service Thread"             daemon [_thread_blocked, id=9768, stack(0x0000000101200000,0x0000000101300000) (1024K)]
  0x0000018bb3476460 JavaThread "Monitor Deflation Thread"   daemon [_thread_blocked, id=26552, stack(0x0000000101300000,0x0000000101400000) (1024K)]
=>0x0000018bb34771f0 JavaThread "C2 CompilerThread0"         daemon [_thread_in_native, id=25232, stack(0x0000000101400000,0x0000000101500000) (1024K)]
  0x0000018bb347a020 JavaThread "C1 CompilerThread0"         daemon [_thread_blocked, id=27576, stack(0x0000000101500000,0x0000000101600000) (1024K)]
  0x0000018bb344ad30 JavaThread "Common-Cleaner"             daemon [_thread_blocked, id=880, stack(0x0000000101600000,0x0000000101700000) (1024K)]
  0x0000018bb3919a10 JavaThread "Monitor Ctrl-Break"         daemon [_thread_in_native, id=4648, stack(0x0000000101700000,0x0000000101800000) (1024K)]
  0x0000018bb3a77930 JavaThread "Notification Thread"        daemon [_thread_blocked, id=19928, stack(0x0000000101800000,0x0000000101900000) (1024K)]
  0x0000018bf9257b60 JavaThread "Thread-0"                          [_thread_blocked, id=24776, stack(0x0000000101c00000,0x0000000101d00000) (1024K)]
  0x0000018bf9258e60 JavaThread "restartedMain"                     [_thread_in_native, id=25972, stack(0x0000000101d00000,0x0000000101e00000) (1024K)]
  0x0000018bb3763730 JavaThread "PostgreSQL-JDBC-Cleaner"    daemon [_thread_blocked, id=25724, stack(0x0000000101f00000,0x0000000102000000) (1024K)]
  0x0000018bfae73870 JavaThread "HikariPool-1 housekeeper"   daemon [_thread_blocked, id=26780, stack(0x0000000102000000,0x0000000102100000) (1024K)]
  0x0000018bfac61a30 JavaThread "HikariPool-1 connection adder" daemon [_thread_blocked, id=19268, stack(0x0000000102100000,0x0000000102200000) (1024K)]
  0x0000018bfac64190 JavaThread "File Watcher"               daemon [_thread_in_native, id=14596, stack(0x0000000102400000,0x0000000102500000) (1024K)]
  0x0000018bfac63470 JavaThread "Live Reload Server"         daemon [_thread_in_native, id=24956, stack(0x0000000102600000,0x0000000102700000) (1024K)]
Total: 19

Other Threads:
  0x0000018bb344ffc0 VMThread "VM Thread"                           [id=26272, stack(0x0000000100d00000,0x0000000100e00000) (1024K)]
  0x0000018bb344a0c0 WatcherThread "VM Periodic Task Thread"        [id=25696, stack(0x0000000100c00000,0x0000000100d00000) (1024K)]
  0x0000018b96a35f40 WorkerThread "GC Thread#0"                     [id=25924, stack(0x0000000100700000,0x0000000100800000) (1024K)]
  0x0000018bf93d2420 WorkerThread "GC Thread#1"                     [id=6900, stack(0x0000000101900000,0x0000000101a00000) (1024K)]
  0x0000018bf969b980 WorkerThread "GC Thread#2"                     [id=24928, stack(0x0000000101a00000,0x0000000101b00000) (1024K)]
  0x0000018bf969bd30 WorkerThread "GC Thread#3"                     [id=24140, stack(0x0000000101b00000,0x0000000101c00000) (1024K)]
  0x0000018b96a3ebf0 ConcurrentGCThread "G1 Main Marker"            [id=27132, stack(0x0000000100800000,0x0000000100900000) (1024K)]
  0x0000018b96a41040 WorkerThread "G1 Conc#0"                       [id=26456, stack(0x0000000100900000,0x0000000100a00000) (1024K)]
  0x0000018b96a9b360 ConcurrentGCThread "G1 Refine#0"               [id=24592, stack(0x0000000100a00000,0x0000000100b00000) (1024K)]
  0x0000018b96a9c070 ConcurrentGCThread "G1 Service"                [id=25388, stack(0x0000000100b00000,0x0000000100c00000) (1024K)]
Total: 10

Threads with active compile tasks:
C2 CompilerThread0  58858 5363       4       org.springframework.core.annotation.TypeMappedAnnotations::get (52 bytes)
Total: 1

VM state: not at safepoint (normal execution)

VM Mutex/Monitor currently owned by a thread: None

Heap address: 0x00000000c2000000, size: 992 MB, Compressed Oops mode: 32-bit

CDS archive(s) mapped at: [0x0000018bb4000000-0x0000018bb4c60000-0x0000018bb4c60000), size 12976128, SharedBaseAddress: 0x0000018bb4000000, ArchiveRelocationMode: 1.
Compressed class space mapped at: 0x0000018bb5000000-0x0000018bf5000000, reserved size: 1073741824
Narrow klass base: 0x0000018bb4000000, Narrow klass shift: 0, Narrow klass range: 0x41000000

GC Precious Log:
 CardTable entry size: 512
 Card Set container configuration: InlinePtr #cards 5 size 8 Array Of Cards #cards 12 size 40 Howl #buckets 4 coarsen threshold 1843 Howl Bitmap #cards 512 size 80 coarsen threshold 460 Card regions per heap region 1 cards per card region 2048
 CPUs: 4 total, 4 available
 Memory: 3964M
 Large Page Support: Disabled
 NUMA Support: Disabled
 Compressed Oops: Enabled (32-bit)
 Heap Region Size: 1M
 Heap Min Capacity: 8M
 Heap Initial Capacity: 62M
 Heap Max Capacity: 992M
 Pre-touch: Disabled
 Parallel Workers: 4
 Concurrent Workers: 1
 Concurrent Refinement Workers: 4
 Periodic GC: Disabled

Heap:
 garbage-first heap   total reserved 1015808K, committed 45056K, used 30289K [0x00000000c2000000, 0x0000000100000000)
  region size 1024K, 5 young (5120K), 2 survivors (2048K)
 Metaspace       used 57664K, committed 58304K, reserved 1114112K
  class space    used 8298K, committed 8576K, reserved 1048576K

Heap Regions: E=young(eden), S=young(survivor), O=old, HS=humongous(starts), HC=humongous(continues), CS=collection set, F=free, TAMS=top-at-mark-start, PB=parsable bottom
|   0|0x00000000c2000000, 0x00000000c2100000, 0x00000000c2100000|100%|HS|  |TAMS 0x00000000c2000000| PB 0x00000000c2000000| Complete |  0
|   1|0x00000000c2100000, 0x00000000c2200000, 0x00000000c2200000|100%| O|  |TAMS 0x00000000c2100000| PB 0x00000000c2100000| Untracked |  0
|   2|0x00000000c2200000, 0x00000000c2300000, 0x00000000c2300000|100%| O|  |TAMS 0x00000000c2200000| PB 0x00000000c2200000| Untracked |  0
|   3|0x00000000c2300000, 0x00000000c2400000, 0x00000000c2400000|100%| O|  |TAMS 0x00000000c2300000| PB 0x00000000c2300000| Untracked |  0
|   4|0x00000000c2400000, 0x00000000c2500000, 0x00000000c2500000|100%| O|  |TAMS 0x00000000c2400000| PB 0x00000000c2400000| Untracked |  0
|   5|0x00000000c2500000, 0x00000000c2600000, 0x00000000c2600000|100%| O|  |TAMS 0x00000000c2500000| PB 0x00000000c2500000| Untracked |  0
|   6|0x00000000c2600000, 0x00000000c2700000, 0x00000000c2700000|100%| O|  |TAMS 0x00000000c2600000| PB 0x00000000c2600000| Untracked |  0
|   7|0x00000000c2700000, 0x00000000c2800000, 0x00000000c2800000|100%| O|  |TAMS 0x00000000c2700000| PB 0x00000000c2700000| Untracked |  0
|   8|0x00000000c2800000, 0x00000000c2900000, 0x00000000c2900000|100%| O|  |TAMS 0x00000000c2800000| PB 0x00000000c2800000| Untracked |  0
|   9|0x00000000c2900000, 0x00000000c2a00000, 0x00000000c2a00000|100%| O|  |TAMS 0x00000000c2900000| PB 0x00000000c2900000| Untracked |  0
|  10|0x00000000c2a00000, 0x00000000c2b00000, 0x00000000c2b00000|100%| O|  |TAMS 0x00000000c2a00000| PB 0x00000000c2a00000| Untracked |  0
|  11|0x00000000c2b00000, 0x00000000c2c00000, 0x00000000c2c00000|100%| O|  |TAMS 0x00000000c2b00000| PB 0x00000000c2b00000| Untracked |  0
|  12|0x00000000c2c00000, 0x00000000c2d00000, 0x00000000c2d00000|100%| O|  |TAMS 0x00000000c2c00000| PB 0x00000000c2c00000| Untracked |  0
|  13|0x00000000c2d00000, 0x00000000c2d00000, 0x00000000c2e00000|  0%| F|  |TAMS 0x00000000c2d00000| PB 0x00000000c2d00000| Untracked |  0
|  14|0x00000000c2e00000, 0x00000000c2f00000, 0x00000000c2f00000|100%| O|  |TAMS 0x00000000c2e00000| PB 0x00000000c2e00000| Untracked |  0
|  15|0x00000000c2f00000, 0x00000000c3000000, 0x00000000c3000000|100%| O|  |TAMS 0x00000000c2f00000| PB 0x00000000c2f00000| Untracked |  0
|  16|0x00000000c3000000, 0x00000000c3100000, 0x00000000c3100000|100%| O|  |TAMS 0x00000000c3000000| PB 0x00000000c3000000| Untracked |  0
|  17|0x00000000c3100000, 0x00000000c3200000, 0x00000000c3200000|100%| O|  |TAMS 0x00000000c3100000| PB 0x00000000c3100000| Untracked |  0
|  18|0x00000000c3200000, 0x00000000c3300000, 0x00000000c3300000|100%| O|  |TAMS 0x00000000c3200000| PB 0x00000000c3200000| Untracked |  0
|  19|0x00000000c3300000, 0x00000000c3400000, 0x00000000c3400000|100%| O|  |TAMS 0x00000000c3300000| PB 0x00000000c3300000| Untracked |  0
|  20|0x00000000c3400000, 0x00000000c3500000, 0x00000000c3500000|100%| O|  |TAMS 0x00000000c3400000| PB 0x00000000c3400000| Untracked |  0
|  21|0x00000000c3500000, 0x00000000c3600000, 0x00000000c3600000|100%| O|  |TAMS 0x00000000c3500000| PB 0x00000000c3500000| Untracked |  0
|  22|0x00000000c3600000, 0x00000000c3700000, 0x00000000c3700000|100%| O|  |TAMS 0x00000000c3600000| PB 0x00000000c3600000| Untracked |  0
|  23|0x00000000c3700000, 0x00000000c3800000, 0x00000000c3800000|100%| O|  |TAMS 0x00000000c3700000| PB 0x00000000c3700000| Untracked |  0
|  24|0x00000000c3800000, 0x00000000c3900000, 0x00000000c3900000|100%| O|  |TAMS 0x00000000c3800000| PB 0x00000000c3800000| Untracked |  0
|  25|0x00000000c3900000, 0x00000000c3900000, 0x00000000c3a00000|  0%| F|  |TAMS 0x00000000c3900000| PB 0x00000000c3900000| Untracked |  0
|  26|0x00000000c3a00000, 0x00000000c3b00000, 0x00000000c3b00000|100%| O|  |TAMS 0x00000000c3a00000| PB 0x00000000c3a00000| Untracked |  0
|  27|0x00000000c3b00000, 0x00000000c3b00000, 0x00000000c3c00000|  0%| F|  |TAMS 0x00000000c3b00000| PB 0x00000000c3b00000| Untracked |  0
|  28|0x00000000c3c00000, 0x00000000c3c00000, 0x00000000c3d00000|  0%| F|  |TAMS 0x00000000c3c00000| PB 0x00000000c3c00000| Untracked |  0
|  29|0x00000000c3d00000, 0x00000000c3dee4d0, 0x00000000c3e00000| 93%| O|  |TAMS 0x00000000c3d00000| PB 0x00000000c3d00000| Untracked |  0
|  30|0x00000000c3e00000, 0x00000000c3ea6220, 0x00000000c3f00000| 64%| S|CS|TAMS 0x00000000c3e00000| PB 0x00000000c3e00000| Complete |  0
|  31|0x00000000c3f00000, 0x00000000c4000000, 0x00000000c4000000|100%| S|CS|TAMS 0x00000000c3f00000| PB 0x00000000c3f00000| Complete |  0
|  32|0x00000000c4000000, 0x00000000c4000000, 0x00000000c4100000|  0%| F|  |TAMS 0x00000000c4000000| PB 0x00000000c4000000| Untracked |  0
|  33|0x00000000c4100000, 0x00000000c4100000, 0x00000000c4200000|  0%| F|  |TAMS 0x00000000c4100000| PB 0x00000000c4100000| Untracked |  0
|  34|0x00000000c4200000, 0x00000000c4200000, 0x00000000c4300000|  0%| F|  |TAMS 0x00000000c4200000| PB 0x00000000c4200000| Untracked |  0
|  35|0x00000000c4300000, 0x00000000c4300000, 0x00000000c4400000|  0%| F|  |TAMS 0x00000000c4300000| PB 0x00000000c4300000| Untracked |  0
|  36|0x00000000c4400000, 0x00000000c4400000, 0x00000000c4500000|  0%| F|  |TAMS 0x00000000c4400000| PB 0x00000000c4400000| Untracked |  0
|  37|0x00000000c4500000, 0x00000000c4500000, 0x00000000c4600000|  0%| F|  |TAMS 0x00000000c4500000| PB 0x00000000c4500000| Untracked |  0
|  38|0x00000000c4600000, 0x00000000c4600000, 0x00000000c4700000|  0%| F|  |TAMS 0x00000000c4600000| PB 0x00000000c4600000| Untracked |  0
|  39|0x00000000c4700000, 0x00000000c4700000, 0x00000000c4800000|  0%| F|  |TAMS 0x00000000c4700000| PB 0x00000000c4700000| Untracked |  0
|  40|0x00000000c4800000, 0x00000000c4800000, 0x00000000c4900000|  0%| F|  |TAMS 0x00000000c4800000| PB 0x00000000c4800000| Untracked |  0
|  41|0x00000000c4900000, 0x00000000c49d1f30, 0x00000000c4a00000| 82%| E|  |TAMS 0x00000000c4900000| PB 0x00000000c4900000| Complete |  0
|  42|0x00000000c4a00000, 0x00000000c4b00000, 0x00000000c4b00000|100%| E|CS|TAMS 0x00000000c4a00000| PB 0x00000000c4a00000| Complete |  0
|  61|0x00000000c5d00000, 0x00000000c5e00000, 0x00000000c5e00000|100%| E|CS|TAMS 0x00000000c5d00000| PB 0x00000000c5d00000| Complete |  0

Card table byte_map: [0x0000018bafd40000,0x0000018baff30000] _byte_map_base: 0x0000018baf730000

Marking Bits: (CMBitMap*) 0x0000018b96a36560
 Bits: [0x0000018baff30000, 0x0000018bb0eb0000)

Polling page: 0x0000018b96ac0000

Metaspace:

Usage:
  Non-class:     48.21 MB used.
      Class:      8.10 MB used.
       Both:     56.31 MB used.

Virtual space:
  Non-class space:       64.00 MB reserved,      48.56 MB ( 76%) committed,  1 nodes.
      Class space:        1.00 GB reserved,       8.38 MB ( <1%) committed,  1 nodes.
             Both:        1.06 GB reserved,      56.94 MB (  5%) committed. 

Chunk freelists:
   Non-Class:  15.27 MB
       Class:  7.66 MB
        Both:  22.92 MB

MaxMetaspaceSize: unlimited
CompressedClassSpaceSize: 1.00 GB
Initial GC threshold: 21.00 MB
Current GC threshold: 93.44 MB
CDS: on
 - commit_granule_bytes: 65536.
 - commit_granule_words: 8192.
 - virtual_space_node_default_size: 8388608.
 - enlarge_chunks_in_place: 1.
 - use_allocation_guard: 0.


Internal statistics:

num_allocs_failed_limit: 6.
num_arena_births: 800.
num_arena_deaths: 0.
num_vsnodes_births: 2.
num_vsnodes_deaths: 0.
num_space_committed: 911.
num_space_uncommitted: 0.
num_chunks_returned_to_freelist: 6.
num_chunks_taken_from_freelist: 2934.
num_chunk_merges: 6.
num_chunk_splits: 2088.
num_chunks_enlarged: 1595.
num_inconsistent_stats: 0.

CodeHeap 'non-profiled nmethods': size=120000Kb used=3122Kb max_used=3122Kb free=116877Kb
 bounds [0x0000018ba7ff0000, 0x0000018ba8300000, 0x0000018baf520000]
CodeHeap 'profiled nmethods': size=120000Kb used=8919Kb max_used=8919Kb free=111080Kb
 bounds [0x0000018ba0520000, 0x0000018ba0de0000, 0x0000018ba7a50000]
CodeHeap 'non-nmethods': size=5760Kb used=1659Kb max_used=1718Kb free=4100Kb
 bounds [0x0000018ba7a50000, 0x0000018ba7cc0000, 0x0000018ba7ff0000]
 total_blobs=5465 nmethods=4763 adapters=606
 compilation: enabled
              stopped_count=0, restarted_count=0
 full_count=0

Compilation events (20 events):
Event: 58.387 Thread 0x0000018bb347a020 5420       2       java.util.TreeMap::getFirstEntry (26 bytes)
Event: 58.387 Thread 0x0000018bb347a020 nmethod 5420 0x0000018ba0dd3e90 code [0x0000018ba0dd4020, 0x0000018ba0dd4190]
Event: 58.390 Thread 0x0000018bb347a020 5421       1       org.springframework.boot.autoconfigure.condition.ConditionEvaluationReport$ConditionAndOutcome::getOutcome (5 bytes)
Event: 58.390 Thread 0x0000018bb347a020 nmethod 5421 0x0000018ba82fc790 code [0x0000018ba82fc920, 0x0000018ba82fc9e8]
Event: 58.392 Thread 0x0000018bb347a020 5422       2       java.util.TreeMap::forEach (58 bytes)
Event: 58.392 Thread 0x0000018bb347a020 nmethod 5422 0x0000018ba0dd4290 code [0x0000018ba0dd4480, 0x0000018ba0dd4880]
Event: 58.398 Thread 0x0000018bb347a020 5423 %     3       java.util.TreeMap::forEach @ 15 (58 bytes)
Event: 58.399 Thread 0x0000018bb347a020 nmethod 5423% 0x0000018ba0dd4b10 code [0x0000018ba0dd4d40, 0x0000018ba0dd5480]
Event: 58.408 Thread 0x0000018bb347a020 5424       2       org.springframework.core.SerializableTypeWrapper::unwrap (36 bytes)
Event: 58.409 Thread 0x0000018bb347a020 nmethod 5424 0x0000018ba0dd5790 code [0x0000018ba0dd5940, 0x0000018ba0dd5b60]
Event: 58.421 Thread 0x0000018bb347a020 5425       2       java.util.regex.Pattern::range (294 bytes)
Event: 58.423 Thread 0x0000018bb347a020 nmethod 5425 0x0000018ba0dd5c90 code [0x0000018ba0dd5fa0, 0x0000018ba0dd6930]
Event: 58.423 Thread 0x0000018bb347a020 5428       2       java.util.regex.ASCII::isAscii (13 bytes)
Event: 58.423 Thread 0x0000018bb347a020 nmethod 5428 0x0000018ba07b8f90 code [0x0000018ba07b9120, 0x0000018ba07b9218]
Event: 58.423 Thread 0x0000018bb347a020 5427       2       java.util.regex.Pattern$BitClass::add (97 bytes)
Event: 58.424 Thread 0x0000018bb347a020 nmethod 5427 0x0000018ba0dd6f10 code [0x0000018ba0dd7100, 0x0000018ba0dd7460]
Event: 58.424 Thread 0x0000018bb347a020 5426       2       java.util.regex.Pattern::skip (23 bytes)
Event: 58.424 Thread 0x0000018bb347a020 nmethod 5426 0x0000018ba0dd7690 code [0x0000018ba0dd7820, 0x0000018ba0dd7960]
Event: 58.424 Thread 0x0000018bb347a020 5429       2       java.util.regex.Pattern::unread (11 bytes)
Event: 58.425 Thread 0x0000018bb347a020 nmethod 5429 0x0000018ba07e1f10 code [0x0000018ba07e20a0, 0x0000018ba07e21b0]

GC Heap History (20 events):
Event: 33.589 GC heap before
{Heap before GC invocations=5 (full 0):
 garbage-first heap   total reserved 1015808K, committed 45056K, used 36095K [0x00000000c2000000, 0x0000000100000000)
  region size 1024K, 26 young (26624K), 3 survivors (3072K)
 Metaspace       used 27474K, committed 27968K, reserved 1114112K
  class space    used 3748K, committed 3968K, reserved 1048576K
}
Event: 33.607 GC heap after
{Heap after GC invocations=6 (full 0):
 garbage-first heap   total reserved 1015808K, committed 45056K, used 14481K [0x00000000c2000000, 0x0000000100000000)
  region size 1024K, 3 young (3072K), 3 survivors (3072K)
 Metaspace       used 27474K, committed 27968K, reserved 1114112K
  class space    used 3748K, committed 3968K, reserved 1048576K
}
Event: 37.590 GC heap before
{Heap before GC invocations=6 (full 0):
 garbage-first heap   total reserved 1015808K, committed 45056K, used 33937K [0x00000000c2000000, 0x0000000100000000)
  region size 1024K, 23 young (23552K), 3 survivors (3072K)
 Metaspace       used 33359K, committed 33792K, reserved 1114112K
  class space    used 4484K, committed 4672K, reserved 1048576K
}
Event: 37.599 GC heap after
{Heap after GC invocations=7 (full 0):
 garbage-first heap   total reserved 1015808K, committed 45056K, used 16244K [0x00000000c2000000, 0x0000000100000000)
  region size 1024K, 2 young (2048K), 2 survivors (2048K)
 Metaspace       used 33359K, committed 33792K, reserved 1114112K
  class space    used 4484K, committed 4672K, reserved 1048576K
}
Event: 38.185 GC heap before
{Heap before GC invocations=7 (full 0):
 garbage-first heap   total reserved 1015808K, committed 45056K, used 22388K [0x00000000c2000000, 0x0000000100000000)
  region size 1024K, 10 young (10240K), 2 survivors (2048K)
 Metaspace       used 35535K, committed 35968K, reserved 1114112K
  class space    used 4692K, committed 4864K, reserved 1048576K
}
Event: 38.189 GC heap after
{Heap after GC invocations=8 (full 0):
 garbage-first heap   total reserved 1015808K, committed 45056K, used 16331K [0x00000000c2000000, 0x0000000100000000)
  region size 1024K, 2 young (2048K), 2 survivors (2048K)
 Metaspace       used 35535K, committed 35968K, reserved 1114112K
  class space    used 4692K, committed 4864K, reserved 1048576K
}
Event: 41.456 GC heap before
{Heap before GC invocations=9 (full 0):
 garbage-first heap   total reserved 1015808K, committed 45056K, used 36811K [0x00000000c2000000, 0x0000000100000000)
  region size 1024K, 23 young (23552K), 2 survivors (2048K)
 Metaspace       used 40989K, committed 41472K, reserved 1114112K
  class space    used 5556K, committed 5760K, reserved 1048576K
}
Event: 41.463 GC heap after
{Heap after GC invocations=10 (full 0):
 garbage-first heap   total reserved 1015808K, committed 45056K, used 17299K [0x00000000c2000000, 0x0000000100000000)
  region size 1024K, 2 young (2048K), 2 survivors (2048K)
 Metaspace       used 40989K, committed 41472K, reserved 1114112K
  class space    used 5556K, committed 5760K, reserved 1048576K
}
Event: 45.330 GC heap before
{Heap before GC invocations=10 (full 0):
 garbage-first heap   total reserved 1015808K, committed 45056K, used 36755K [0x00000000c2000000, 0x0000000100000000)
  region size 1024K, 22 young (22528K), 2 survivors (2048K)
 Metaspace       used 46603K, committed 47168K, reserved 1114112K
  class space    used 6449K, committed 6656K, reserved 1048576K
}
Event: 45.346 GC heap after
{Heap after GC invocations=11 (full 0):
 garbage-first heap   total reserved 1015808K, committed 45056K, used 18283K [0x00000000c2000000, 0x0000000100000000)
  region size 1024K, 3 young (3072K), 3 survivors (3072K)
 Metaspace       used 46603K, committed 47168K, reserved 1114112K
  class space    used 6449K, committed 6656K, reserved 1048576K
}
Event: 51.331 GC heap before
{Heap before GC invocations=11 (full 0):
 garbage-first heap   total reserved 1015808K, committed 45056K, used 37739K [0x00000000c2000000, 0x0000000100000000)
  region size 1024K, 22 young (22528K), 3 survivors (3072K)
 Metaspace       used 50826K, committed 51456K, reserved 1114112K
  class space    used 7049K, committed 7360K, reserved 1048576K
}
Event: 51.347 GC heap after
{Heap after GC invocations=12 (full 0):
 garbage-first heap   total reserved 1015808K, committed 45056K, used 20195K [0x00000000c2000000, 0x0000000100000000)
  region size 1024K, 3 young (3072K), 3 survivors (3072K)
 Metaspace       used 50826K, committed 51456K, reserved 1114112K
  class space    used 7049K, committed 7360K, reserved 1048576K
}
Event: 54.266 GC heap before
{Heap before GC invocations=12 (full 0):
 garbage-first heap   total reserved 1015808K, committed 45056K, used 37603K [0x00000000c2000000, 0x0000000100000000)
  region size 1024K, 21 young (21504K), 3 survivors (3072K)
 Metaspace       used 54856K, committed 55488K, reserved 1114112K
  class space    used 7782K, committed 8064K, reserved 1048576K
}
Event: 54.280 GC heap after
{Heap after GC invocations=13 (full 0):
 garbage-first heap   total reserved 1015808K, committed 45056K, used 22106K [0x00000000c2000000, 0x0000000100000000)
  region size 1024K, 2 young (2048K), 2 survivors (2048K)
 Metaspace       used 54856K, committed 55488K, reserved 1114112K
  class space    used 7782K, committed 8064K, reserved 1048576K
}
Event: 56.079 GC heap before
{Heap before GC invocations=13 (full 0):
 garbage-first heap   total reserved 1015808K, committed 45056K, used 38490K [0x00000000c2000000, 0x0000000100000000)
  region size 1024K, 19 young (19456K), 2 survivors (2048K)
 Metaspace       used 56800K, committed 57408K, reserved 1114112K
  class space    used 8099K, committed 8384K, reserved 1048576K
}
Event: 56.091 GC heap after
{Heap after GC invocations=14 (full 0):
 garbage-first heap   total reserved 1015808K, committed 45056K, used 24100K [0x00000000c2000000, 0x0000000100000000)
  region size 1024K, 2 young (2048K), 2 survivors (2048K)
 Metaspace       used 56800K, committed 57408K, reserved 1114112K
  class space    used 8099K, committed 8384K, reserved 1048576K
}
Event: 56.506 GC heap before
{Heap before GC invocations=15 (full 0):
 garbage-first heap   total reserved 1015808K, committed 45056K, used 39460K [0x00000000c2000000, 0x0000000100000000)
  region size 1024K, 17 young (17408K), 2 survivors (2048K)
 Metaspace       used 56804K, committed 57408K, reserved 1114112K
  class space    used 8099K, committed 8384K, reserved 1048576K
}
Event: 56.518 GC heap after
{Heap after GC invocations=16 (full 0):
 garbage-first heap   total reserved 1015808K, committed 45056K, used 26624K [0x00000000c2000000, 0x0000000100000000)
  region size 1024K, 3 young (3072K), 3 survivors (3072K)
 Metaspace       used 56804K, committed 57408K, reserved 1114112K
  class space    used 8099K, committed 8384K, reserved 1048576K
}
Event: 58.026 GC heap before
{Heap before GC invocations=16 (full 0):
 garbage-first heap   total reserved 1015808K, committed 45056K, used 38912K [0x00000000c2000000, 0x0000000100000000)
  region size 1024K, 15 young (15360K), 3 survivors (3072K)
 Metaspace       used 57380K, committed 57984K, reserved 1114112K
  class space    used 8239K, committed 8512K, reserved 1048576K
}
Event: 58.046 GC heap after
{Heap after GC invocations=17 (full 0):
 garbage-first heap   total reserved 1015808K, committed 45056K, used 28241K [0x00000000c2000000, 0x0000000100000000)
  region size 1024K, 2 young (2048K), 2 survivors (2048K)
 Metaspace       used 57380K, committed 57984K, reserved 1114112K
  class space    used 8239K, committed 8512K, reserved 1048576K
}

Dll operation events (14 events):
Event: 0.530 Loaded shared library C:\Program Files\Java\jdk-22\bin\java.dll
Event: 0.923 Loaded shared library C:\Program Files\Java\jdk-22\bin\jsvml.dll
Event: 1.468 Loaded shared library C:\Program Files\Java\jdk-22\bin\zip.dll
Event: 1.481 Loaded shared library C:\Program Files\Java\jdk-22\bin\instrument.dll
Event: 1.498 Loaded shared library C:\Program Files\Java\jdk-22\bin\net.dll
Event: 1.507 Loaded shared library C:\Program Files\Java\jdk-22\bin\nio.dll
Event: 1.531 Loaded shared library C:\Program Files\Java\jdk-22\bin\zip.dll
Event: 2.532 Loaded shared library C:\Program Files\JetBrains\IntelliJ IDEA Community Edition 2024.2.1\bin\breakgen64.dll
Event: 2.596 Loaded shared library C:\Program Files\Java\jdk-22\bin\extnet.dll
Event: 2.881 Loaded shared library C:\Program Files\Java\jdk-22\bin\jimage.dll
Event: 4.410 Loaded shared library C:\Program Files\Java\jdk-22\bin\management.dll
Event: 4.423 Loaded shared library C:\Program Files\Java\jdk-22\bin\management_ext.dll
Event: 8.099 Loaded shared library C:\Program Files\Java\jdk-22\bin\le.dll
Event: 27.119 Loaded shared library C:\Program Files\Java\jdk-22\bin\verify.dll

Deoptimization events (20 events):
Event: 57.785 Thread 0x0000018bf9258e60 Uncommon trap: trap_request=0xffffffc6 fr.pc=0x0000018ba82d1170 relative=0x0000000000000ed0
Event: 57.785 Thread 0x0000018bf9258e60 Uncommon trap: reason=bimorphic_or_optimized_type_check action=maybe_recompile pc=0x0000018ba82d1170 method=java.util.HashMap.putVal(ILjava/lang/Object;Ljava/lang/Object;ZZ)Ljava/lang/Object; @ 203 c2
Event: 57.785 Thread 0x0000018bf9258e60 DEOPT PACKING pc=0x0000018ba82d1170 sp=0x0000000101dfdeb0
Event: 57.785 Thread 0x0000018bf9258e60 DEOPT UNPACKING pc=0x0000018ba7aa46a2 sp=0x0000000101dfde50 mode 2
Event: 58.097 Thread 0x0000018bf9258e60 Uncommon trap: trap_request=0xffffff45 fr.pc=0x0000018ba80b89b4 relative=0x00000000000013f4
Event: 58.097 Thread 0x0000018bf9258e60 Uncommon trap: reason=unstable_if action=reinterpret pc=0x0000018ba80b89b4 method=java.util.concurrent.ConcurrentHashMap.transfer([Ljava/util/concurrent/ConcurrentHashMap$Node;[Ljava/util/concurrent/ConcurrentHashMap$Node;)V @ 352 c2
Event: 58.097 Thread 0x0000018bf9258e60 DEOPT PACKING pc=0x0000018ba80b89b4 sp=0x0000000101dfde70
Event: 58.097 Thread 0x0000018bf9258e60 DEOPT UNPACKING pc=0x0000018ba7aa46a2 sp=0x0000000101dfde08 mode 2
Event: 58.098 Thread 0x0000018bf9258e60 Uncommon trap: trap_request=0xffffff45 fr.pc=0x0000018ba80abaf0 relative=0x00000000000010d0
Event: 58.098 Thread 0x0000018bf9258e60 Uncommon trap: reason=unstable_if action=reinterpret pc=0x0000018ba80abaf0 method=java.util.concurrent.ConcurrentHashMap.transfer([Ljava/util/concurrent/ConcurrentHashMap$Node;[Ljava/util/concurrent/ConcurrentHashMap$Node;)V @ 352 c2
Event: 58.098 Thread 0x0000018bf9258e60 DEOPT PACKING pc=0x0000018ba80abaf0 sp=0x0000000101dfdea0
Event: 58.098 Thread 0x0000018bf9258e60 DEOPT UNPACKING pc=0x0000018ba7aa46a2 sp=0x0000000101dfde08 mode 2
Event: 58.288 Thread 0x0000018bf9258e60 Uncommon trap: trap_request=0xffffff45 fr.pc=0x0000018ba8062110 relative=0x0000000000000070
Event: 58.288 Thread 0x0000018bf9258e60 Uncommon trap: reason=unstable_if action=reinterpret pc=0x0000018ba8062110 method=org.springframework.util.ConcurrentReferenceHashMap$Segment.clear()V @ 7 c2
Event: 58.288 Thread 0x0000018bf9258e60 DEOPT PACKING pc=0x0000018ba8062110 sp=0x0000000101dfed00
Event: 58.288 Thread 0x0000018bf9258e60 DEOPT UNPACKING pc=0x0000018ba7aa46a2 sp=0x0000000101dfec90 mode 2
Event: 58.298 Thread 0x0000018bf9258e60 Uncommon trap: trap_request=0xffffff45 fr.pc=0x0000018ba80864d0 relative=0x0000000000000110
Event: 58.298 Thread 0x0000018bf9258e60 Uncommon trap: reason=unstable_if action=reinterpret pc=0x0000018ba80864d0 method=java.lang.ref.ReferenceQueue.poll()Ljava/lang/ref/Reference; @ 4 c2
Event: 58.298 Thread 0x0000018bf9258e60 DEOPT PACKING pc=0x0000018ba80864d0 sp=0x0000000101dfea20
Event: 58.298 Thread 0x0000018bf9258e60 DEOPT UNPACKING pc=0x0000018ba7aa46a2 sp=0x0000000101dfe8e8 mode 2

Classes loaded (20 events):
Event: 57.233 Loading class java/io/OptionalDataException
Event: 57.234 Loading class java/io/OptionalDataException done
Event: 57.244 Loading class java/lang/invoke/MethodHandleImpl$CountingWrapper$1
Event: 57.245 Loading class java/lang/invoke/MethodHandleImpl$CountingWrapper$1 done
Event: 57.397 Loading class java/lang/classfile/ClassBuilder
Event: 57.397 Loading class java/lang/classfile/ClassFileBuilder
Event: 57.398 Loading class java/lang/classfile/ClassFileBuilder done
Event: 57.398 Loading class java/lang/classfile/ClassBuilder done
Event: 57.398 Loading class java/lang/classfile/ClassElement
Event: 57.399 Loading class java/lang/classfile/ClassFileElement
Event: 57.399 Loading class java/lang/classfile/ClassFileElement done
Event: 57.399 Loading class java/lang/classfile/ClassElement done
Event: 58.201 Loading class java/net/ServerSocket
Event: 58.202 Loading class java/net/ServerSocket done
Event: 58.415 Loading class java/util/IdentityHashMap$KeySpliterator
Event: 58.416 Loading class java/util/IdentityHashMap$IdentityHashMapSpliterator
Event: 58.416 Loading class java/util/IdentityHashMap$IdentityHashMapSpliterator done
Event: 58.416 Loading class java/util/IdentityHashMap$KeySpliterator done
Event: 58.417 Loading class java/util/stream/SortedOps$SizedRefSortingSink
Event: 58.417 Loading class java/util/stream/SortedOps$SizedRefSortingSink done

Classes unloaded (0 events):
No events

Classes redefined (0 events):
No events

Internal exceptions (20 events):
Event: 45.292 Thread 0x0000018bf9258e60 Exception <a 'java/lang/IncompatibleClassChangeError'{0x00000000c389ae10}: Found class java.lang.Object, but interface was expected> (0x00000000c389ae10) 
thrown [s\open\src\hotspot\share\interpreter\linkResolver.cpp, line 841]
Event: 45.454 Thread 0x0000018bf9258e60 Exception <a 'java/lang/NoSuchMethodError'{0x00000000c5db6c88}: 'java.lang.Object java.lang.invoke.DirectMethodHandle$Holder.newInvokeSpecial(java.lang.Object, java.lang.Object, java.lang.Object, java.lang.Object, java.lang.Object, java.lang.Object, java.lang.Object, int)'> (0x00000000c5db6c88) 
thrown [s\open\src\hotspot\share\interpreter\linkResolver.cpp, line 774]
Event: 45.455 Thread 0x0000018bf9258e60 Exception <a 'java/lang/NoSuchMethodError'{0x00000000c5dbb218}: 'java.lang.Object java.lang.invoke.DirectMethodHandle$Holder.invokeSpecial(java.lang.Object, java.lang.Object, java.lang.Object, java.lang.Object, java.lang.Object, java.lang.Object, java.lang.Object, java.lang.Object, int)'> (0x00000000c5dbb218) 
thrown [s\open\src\hotspot\share\interpreter\linkResolver.cpp, line 774]
Event: 45.455 Thread 0x0000018bf9258e60 Exception <a 'java/lang/NoSuchMethodError'{0x00000000c5dbf230}: 'java.lang.Object java.lang.invoke.Invokers$Holder.linkToTargetMethod(java.lang.Object, java.lang.Object, java.lang.Object, java.lang.Object, java.lang.Object, java.lang.Object, int, java.lang.Object)'> (0x00000000c5dbf230) 
thrown [s\open\src\hotspot\share\interpreter\linkResolver.cpp, line 774]
Event: 45.552 Thread 0x0000018bf9258e60 Exception <a 'java/lang/NoSuchMethodError'{0x00000000c4a9d558}: 'java.lang.Object java.lang.invoke.DirectMethodHandle$Holder.newInvokeSpecial(java.lang.Object, java.lang.Object, int, java.lang.Object, int, java.lang.Object, java.lang.Object)'> (0x00000000c4a9d558) 
thrown [s\open\src\hotspot\share\interpreter\linkResolver.cpp, line 774]
Event: 45.588 Thread 0x0000018bf9258e60 Exception <a 'java/lang/NoSuchMethodError'{0x00000000c4ac30f0}: 'void java.lang.invoke.DirectMethodHandle$Holder.invokeInterface(java.lang.Object, java.lang.Object)'> (0x00000000c4ac30f0) 
thrown [s\open\src\hotspot\share\interpreter\linkResolver.cpp, line 774]
Event: 47.396 Thread 0x0000018bf9258e60 Exception <a 'java/lang/NoSuchMethodError'{0x00000000c46b4868}: 'java.lang.Object java.lang.invoke.DirectMethodHandle$Holder.invokeSpecial(java.lang.Object, java.lang.Object, int, java.lang.Object, int)'> (0x00000000c46b4868) 
thrown [s\open\src\hotspot\share\interpreter\linkResolver.cpp, line 774]
Event: 47.584 Thread 0x0000018bf9258e60 Implicit null exception at 0x0000018ba80ce300 to 0x0000018ba80ce574
Event: 48.092 Thread 0x0000018bf9258e60 Exception <a 'java/lang/IncompatibleClassChangeError'{0x00000000c41315d8}: Found class java.lang.Object, but interface was expected> (0x00000000c41315d8) 
thrown [s\open\src\hotspot\share\interpreter\linkResolver.cpp, line 841]
Event: 48.168 Thread 0x0000018bf9258e60 Exception <a 'java/lang/IncompatibleClassChangeError'{0x00000000c41a6348}: Found class java.lang.Object, but interface was expected> (0x00000000c41a6348) 
thrown [s\open\src\hotspot\share\interpreter\linkResolver.cpp, line 841]
Event: 48.535 Thread 0x0000018bf9258e60 Exception <a 'java/lang/IncompatibleClassChangeError'{0x00000000c3f16ea8}: Found class java.lang.Object, but interface was expected> (0x00000000c3f16ea8) 
thrown [s\open\src\hotspot\share\interpreter\linkResolver.cpp, line 841]
Event: 48.565 Thread 0x0000018bf9258e60 Exception <a 'java/lang/NoSuchMethodError'{0x00000000c3f59d70}: 'java.lang.Object java.lang.invoke.DirectMethodHandle$Holder.invokeSpecialIFC(java.lang.Object, java.lang.Object, java.lang.Object)'> (0x00000000c3f59d70) 
thrown [s\open\src\hotspot\share\interpreter\linkResolver.cpp, line 774]
Event: 51.373 Thread 0x0000018bf9258e60 Exception <a 'java/lang/IncompatibleClassChangeError'{0x00000000c5d14680}: Found class java.lang.Object, but interface was expected> (0x00000000c5d14680) 
thrown [s\open\src\hotspot\share\interpreter\linkResolver.cpp, line 841]
Event: 52.105 Thread 0x0000018bf9258e60 Exception <a 'java/lang/IncompatibleClassChangeError'{0x00000000c4847f98}: Found class java.lang.Object, but interface was expected> (0x00000000c4847f98) 
thrown [s\open\src\hotspot\share\interpreter\linkResolver.cpp, line 841]
Event: 56.848 Thread 0x0000018bf9258e60 Exception <a 'java/lang/NoSuchMethodError'{0x00000000c4680ad8}: 'void java.lang.invoke.Invokers$Holder.invokeExact_MT(java.lang.Object, java.lang.Object, java.lang.Object, java.lang.Object)'> (0x00000000c4680ad8) 
thrown [s\open\src\hotspot\share\interpreter\linkResolver.cpp, line 774]
Event: 57.269 Thread 0x0000018bf9258e60 Implicit null exception at 0x0000018ba81212eb to 0x0000018ba812155c
Event: 57.406 Thread 0x0000018bf9258e60 Exception <a 'java/lang/IncompatibleClassChangeError'{0x00000000c44b6010}: Found class java.lang.Object, but interface was expected> (0x00000000c44b6010) 
thrown [s\open\src\hotspot\share\interpreter\linkResolver.cpp, line 841]
Event: 57.632 Thread 0x0000018bf9258e60 Exception <a 'java/lang/NoSuchMethodError'{0x00000000c43b70e8}: 'java.lang.Object java.lang.invoke.DirectMethodHandle$Holder.invokeVirtual(java.lang.Object, java.lang.Object, java.lang.Object, java.lang.Object, java.lang.Object, java.lang.Object)'> (0x00000000c43b70e8) 
thrown [s\open\src\hotspot\share\interpreter\linkResolver.cpp, line 774]
Event: 58.343 Thread 0x0000018bf9258e60 Exception <a 'java/lang/NoSuchMethodError'{0x00000000c4aff8c8}: 'void java.lang.invoke.DirectMethodHandle$Holder.invokeVirtual(java.lang.Object, java.lang.Object, long)'> (0x00000000c4aff8c8) 
thrown [s\open\src\hotspot\share\interpreter\linkResolver.cpp, line 774]
Event: 58.355 Thread 0x0000018bf9258e60 Exception <a 'java/lang/NoSuchMethodError'{0x00000000c4955780}: 'java.lang.Object java.lang.invoke.DirectMethodHandle$Holder.newInvokeSpecial(java.lang.Object, java.lang.Object, int, java.lang.Object, java.lang.Object)'> (0x00000000c4955780) 
thrown [s\open\src\hotspot\share\interpreter\linkResolver.cpp, line 774]

ZGC Phase Switch (0 events):
No events

VM Operations (20 events):
Event: 55.285 Executing VM operation: Cleanup
Event: 55.285 Executing VM operation: Cleanup done
Event: 56.079 Executing VM operation: G1CollectForAllocation (G1 Evacuation Pause)
Event: 56.091 Executing VM operation: G1CollectForAllocation (G1 Evacuation Pause) done
Event: 56.187 Executing VM operation: G1PauseRemark
Event: 56.203 Executing VM operation: G1PauseRemark done
Event: 56.241 Executing VM operation: G1PauseCleanup
Event: 56.258 Executing VM operation: G1PauseCleanup done
Event: 56.506 Executing VM operation: G1CollectForAllocation (G1 Evacuation Pause)
Event: 56.518 Executing VM operation: G1CollectForAllocation (G1 Evacuation Pause) done
Event: 56.594 Executing VM operation: HandshakeAllThreads (Deoptimize)
Event: 56.594 Executing VM operation: HandshakeAllThreads (Deoptimize) done
Event: 57.607 Executing VM operation: Cleanup
Event: 57.607 Executing VM operation: Cleanup done
Event: 57.956 Executing VM operation: HandshakeAllThreads (Deoptimize)
Event: 57.956 Executing VM operation: HandshakeAllThreads (Deoptimize) done
Event: 58.026 Executing VM operation: G1CollectForAllocation (G1 Evacuation Pause)
Event: 58.046 Executing VM operation: G1CollectForAllocation (G1 Evacuation Pause) done
Event: 58.292 Executing VM operation: HandshakeAllThreads (Deoptimize)
Event: 58.298 Executing VM operation: HandshakeAllThreads (Deoptimize) done

Memory protections (0 events):
No events

Nmethod flushes (20 events):
Event: 56.201 Thread 0x0000018bb344ffc0 flushing  nmethod 0x0000018ba0a3cb90
Event: 56.201 Thread 0x0000018bb344ffc0 flushing  nmethod 0x0000018ba0b2e410
Event: 56.201 Thread 0x0000018bb344ffc0 flushing  nmethod 0x0000018ba0be0090
Event: 56.201 Thread 0x0000018bb344ffc0 flushing  nmethod 0x0000018ba0c30f90
Event: 56.201 Thread 0x0000018bb344ffc0 flushing  nmethod 0x0000018ba0c31d90
Event: 56.201 Thread 0x0000018bb344ffc0 flushing  nmethod 0x0000018ba0c32e10
Event: 56.201 Thread 0x0000018bb344ffc0 flushing  nmethod 0x0000018ba0c33210
Event: 56.201 Thread 0x0000018bb344ffc0 flushing  nmethod 0x0000018ba0c3e210
Event: 56.201 Thread 0x0000018bb344ffc0 flushing  nmethod 0x0000018ba0c48b90
Event: 56.201 Thread 0x0000018bb344ffc0 flushing  nmethod 0x0000018ba0c4d910
Event: 56.201 Thread 0x0000018bb344ffc0 flushing  nmethod 0x0000018ba0c4ff10
Event: 56.201 Thread 0x0000018bb344ffc0 flushing  nmethod 0x0000018ba0c64c90
Event: 56.201 Thread 0x0000018bb344ffc0 flushing  nmethod 0x0000018ba0c76790
Event: 56.201 Thread 0x0000018bb344ffc0 flushing  nmethod 0x0000018ba0c7c590
Event: 56.201 Thread 0x0000018bb344ffc0 flushing  nmethod 0x0000018ba0c82f90
Event: 56.201 Thread 0x0000018bb344ffc0 flushing  nmethod 0x0000018ba0c86e10
Event: 56.201 Thread 0x0000018bb344ffc0 flushing  nmethod 0x0000018ba0c8b890
Event: 56.201 Thread 0x0000018bb344ffc0 flushing  nmethod 0x0000018ba0c8c390
Event: 56.201 Thread 0x0000018bb344ffc0 flushing  nmethod 0x0000018ba0c92110
Event: 56.201 Thread 0x0000018bb344ffc0 flushing  nmethod 0x0000018ba0cc3310

Events (20 events):
Event: 0.917 Thread 0x0000018b969fdd20 Thread added: 0x0000018bb3472500
Event: 0.917 Thread 0x0000018b969fdd20 Thread added: 0x0000018bb3476460
Event: 0.918 Thread 0x0000018b969fdd20 Thread added: 0x0000018bb34771f0
Event: 0.923 Thread 0x0000018b969fdd20 Thread added: 0x0000018bb347a020
Event: 1.371 Thread 0x0000018b969fdd20 Thread added: 0x0000018bb344ad30
Event: 2.536 Thread 0x0000018b969fdd20 Thread added: 0x0000018bb3919a10
Event: 2.537 Thread 0x0000018b969fdd20 Thread added: 0x0000018bb3a77930
Event: 4.679 Thread 0x0000018b969fdd20 Thread added: 0x0000018bf9257b60
Event: 4.698 Thread 0x0000018bf9257b60 Thread added: 0x0000018bf9258e60
Event: 7.948 Thread 0x0000018bf9258e60 Thread added: 0x0000018bb377dda0
Event: 8.094 Thread 0x0000018bb377dda0 Thread exited: 0x0000018bb377dda0
Event: 11.337 Thread 0x0000018bf9258e60 Thread added: 0x0000018bf99127d0
Event: 12.300 Thread 0x0000018bf99127d0 Thread exited: 0x0000018bf99127d0
Event: 34.408 Thread 0x0000018bf9258e60 Thread added: 0x0000018bb3763730
Event: 34.451 Thread 0x0000018bf9258e60 Thread added: 0x0000018bfae73870
Event: 34.820 Thread 0x0000018bfae73870 Thread added: 0x0000018bfac61a30
Event: 58.188 Thread 0x0000018bf9258e60 Thread added: 0x0000018bfac64190
Event: 58.222 Thread 0x0000018bf9258e60 Thread added: 0x0000018bfac62de0
Event: 58.258 Thread 0x0000018bf9258e60 Thread added: 0x0000018bfac63470
Event: 58.266 Thread 0x0000018bfac62de0 Thread exited: 0x0000018bfac62de0


Dynamic libraries:
0x00007ff70d770000 - 0x00007ff70d780000 	C:\Program Files\Java\jdk-22\bin\java.exe
0x00007ffa0bfb0000 - 0x00007ffa0c1a8000 	C:\WINDOWS\SYSTEM32\ntdll.dll
0x00007ffa06e70000 - 0x00007ffa06e8a000 	C:\Program Files\AVG\Antivirus\aswhook.dll
0x00007ffa0a330000 - 0x00007ffa0a3f2000 	C:\WINDOWS\System32\KERNEL32.DLL
0x00007ffa09880000 - 0x00007ffa09b7e000 	C:\WINDOWS\System32\KERNELBASE.dll
0x00007ffa096f0000 - 0x00007ffa097f0000 	C:\WINDOWS\System32\ucrtbase.dll
0x00007ffa07130000 - 0x00007ffa07147000 	C:\Program Files\Java\jdk-22\bin\jli.dll
0x00007ffa09fe0000 - 0x00007ffa0a17d000 	C:\WINDOWS\System32\USER32.dll
0x00007ffa09e00000 - 0x00007ffa09e22000 	C:\WINDOWS\System32\win32u.dll
0x00007ffa0acf0000 - 0x00007ffa0ad1b000 	C:\WINDOWS\System32\GDI32.dll
0x00007ffa09ce0000 - 0x00007ffa09df7000 	C:\WINDOWS\System32\gdi32full.dll
0x00007ffa09e30000 - 0x00007ffa09ecd000 	C:\WINDOWS\System32\msvcp_win.dll
0x00007ffa07110000 - 0x00007ffa0712b000 	C:\Program Files\Java\jdk-22\bin\VCRUNTIME140.dll
0x00007ffa089b0000 - 0x00007ffa08c4a000 	C:\WINDOWS\WinSxS\amd64_microsoft.windows.common-controls_6595b64144ccf1df_6.0.19041.4355_none_60b8b9eb71f62e16\COMCTL32.dll
0x00007ffa0bda0000 - 0x00007ffa0be3e000 	C:\WINDOWS\System32\msvcrt.dll
0x00007ffa0ad20000 - 0x00007ffa0ad4f000 	C:\WINDOWS\System32\IMM32.DLL
0x00007ffa08fb0000 - 0x00007ffa08fbc000 	C:\Program Files\Java\jdk-22\bin\vcruntime140_1.dll
0x00007ffa01440000 - 0x00007ffa014ce000 	C:\Program Files\Java\jdk-22\bin\msvcp140.dll
0x00007ff9afdf0000 - 0x00007ff9b0b39000 	C:\Program Files\Java\jdk-22\bin\server\jvm.dll
0x00007ffa0ba50000 - 0x00007ffa0bb01000 	C:\WINDOWS\System32\ADVAPI32.dll
0x00007ffa0ade0000 - 0x00007ffa0ae7f000 	C:\WINDOWS\System32\sechost.dll
0x00007ffa0a180000 - 0x00007ffa0a2a3000 	C:\WINDOWS\System32\RPCRT4.dll
0x00007ffa09650000 - 0x00007ffa09677000 	C:\WINDOWS\System32\bcrypt.dll
0x00007ffa0bb10000 - 0x00007ffa0bb7b000 	C:\WINDOWS\System32\WS2_32.dll
0x00007ffa094b0000 - 0x00007ffa094fb000 	C:\WINDOWS\SYSTEM32\POWRPROF.dll
0x00007ffa05cc0000 - 0x00007ffa05cca000 	C:\WINDOWS\SYSTEM32\VERSION.dll
0x00007ff9e79f0000 - 0x00007ff9e7a17000 	C:\WINDOWS\SYSTEM32\WINMM.dll
0x00007ffa09490000 - 0x00007ffa094a2000 	C:\WINDOWS\SYSTEM32\UMPDC.dll
0x00007ffa077f0000 - 0x00007ffa07802000 	C:\WINDOWS\SYSTEM32\kernel.appcore.dll
0x00007ffa08f80000 - 0x00007ffa08f8a000 	C:\Program Files\Java\jdk-22\bin\jimage.dll
0x00007ffa08fd0000 - 0x00007ffa091b4000 	C:\WINDOWS\SYSTEM32\DBGHELP.DLL
0x00007ffa08f10000 - 0x00007ffa08f44000 	C:\WINDOWS\SYSTEM32\dbgcore.DLL
0x00007ffa097f0000 - 0x00007ffa09872000 	C:\WINDOWS\System32\bcryptPrimitives.dll
0x00007ffa07100000 - 0x00007ffa0710f000 	C:\Program Files\Java\jdk-22\bin\instrument.dll
0x00007ffa05b80000 - 0x00007ffa05b9e000 	C:\Program Files\Java\jdk-22\bin\java.dll
0x00007ffa0b1a0000 - 0x00007ffa0b90d000 	C:\WINDOWS\System32\SHELL32.dll
0x00007ffa0be40000 - 0x00007ffa0bf6b000 	C:\WINDOWS\System32\ole32.dll
0x00007ffa0a8d0000 - 0x00007ffa0ac23000 	C:\WINDOWS\System32\combase.dll
0x00007ffa066b0000 - 0x00007ffa06e54000 	C:\WINDOWS\SYSTEM32\windows.storage.dll
0x00007ffa08910000 - 0x00007ffa0893e000 	C:\WINDOWS\SYSTEM32\Wldp.dll
0x00007ffa0bc60000 - 0x00007ffa0bd2d000 	C:\WINDOWS\System32\OLEAUT32.dll
0x00007ffa0b0f0000 - 0x00007ffa0b19d000 	C:\WINDOWS\System32\SHCORE.dll
0x00007ffa0a400000 - 0x00007ffa0a455000 	C:\WINDOWS\System32\shlwapi.dll
0x00007ffa09580000 - 0x00007ffa095a4000 	C:\WINDOWS\SYSTEM32\profapi.dll
0x00007ff9e14e0000 - 0x00007ff9e15b7000 	C:\Program Files\Java\jdk-22\bin\jsvml.dll
0x00007ffa05b60000 - 0x00007ffa05b77000 	C:\Program Files\Java\jdk-22\bin\zip.dll
0x00007ffa05b50000 - 0x00007ffa05b60000 	C:\Program Files\Java\jdk-22\bin\net.dll
0x00007ffa08670000 - 0x00007ffa086da000 	C:\WINDOWS\system32\mswsock.dll
0x00007ffa02c10000 - 0x00007ffa02c26000 	C:\Program Files\Java\jdk-22\bin\nio.dll
0x00007ffa013f0000 - 0x00007ffa0140a000 	C:\Program Files\JetBrains\IntelliJ IDEA Community Edition 2024.2.1\bin\breakgen64.dll
0x00007ffa05ae0000 - 0x00007ffa05ae9000 	C:\Program Files\Java\jdk-22\bin\extnet.dll
0x00007ffa05a90000 - 0x00007ffa05a9a000 	C:\Program Files\Java\jdk-22\bin\management.dll
0x00007ffa02c40000 - 0x00007ffa02c4b000 	C:\Program Files\Java\jdk-22\bin\management_ext.dll
0x00007ffa0bd30000 - 0x00007ffa0bd38000 	C:\WINDOWS\System32\PSAPI.DLL
0x00007ffa00bf0000 - 0x00007ffa00bfb000 	C:\Program Files\Java\jdk-22\bin\le.dll
0x00007ffa092f0000 - 0x00007ffa09308000 	C:\WINDOWS\SYSTEM32\CRYPTSP.dll
0x00007ffa07ff0000 - 0x00007ffa08024000 	C:\WINDOWS\system32\rsaenh.dll
0x00007ffa09500000 - 0x00007ffa0952e000 	C:\WINDOWS\SYSTEM32\USERENV.dll
0x00007ffa08860000 - 0x00007ffa0886c000 	C:\WINDOWS\SYSTEM32\CRYPTBASE.dll
0x00007ffa08350000 - 0x00007ffa0838b000 	C:\WINDOWS\SYSTEM32\IPHLPAPI.DLL
0x00007ffa09fd0000 - 0x00007ffa09fd8000 	C:\WINDOWS\System32\NSI.dll
0x00007ff9fb280000 - 0x00007ff9fb290000 	C:\Program Files\Java\jdk-22\bin\verify.dll
0x00007ffa08390000 - 0x00007ffa0845a000 	C:\WINDOWS\SYSTEM32\DNSAPI.dll
0x00007ff9f8550000 - 0x00007ff9f855a000 	C:\Windows\System32\rasadhlp.dll
0x00007ff9f7f60000 - 0x00007ff9f7fe0000 	C:\WINDOWS\System32\fwpuclnt.dll

dbghelp: loaded successfully - version: 4.0.5 - missing functions: none
symbol engine: initialized successfully - sym options: 0x614 - pdb path: .;C:\Program Files\Java\jdk-22\bin;C:\WINDOWS\SYSTEM32;C:\Program Files\AVG\Antivirus;C:\WINDOWS\WinSxS\amd64_microsoft.windows.common-controls_6595b64144ccf1df_6.0.19041.4355_none_60b8b9eb71f62e16;C:\Program Files\Java\jdk-22\bin\server;C:\Program Files\JetBrains\IntelliJ IDEA Community Edition 2024.2.1\bin

VM Arguments:
jvm_args: -javaagent:C:\Program Files\JetBrains\IntelliJ IDEA Community Edition 2024.2.1\lib\idea_rt.jar=61874:C:\Program Files\JetBrains\IntelliJ IDEA Community Edition 2024.2.1\bin -Dfile.encoding=UTF-8 -Dsun.stdout.encoding=UTF-8 -Dsun.stderr.encoding=UTF-8 
java_command: com.aluracursos.literalurachallenge.service.LiteraluraChallengeApplication
java_class_path (initial): C:\Users\Acer\Documents\AI\Personal\ONE\Java_y_Spring_Framework\4_Practicando_Spring_Boot_Challenge_Literalura\challenge.gutendex\target\classes;C:\Users\Acer\.m2\repository\org\springframework\boot\spring-boot-starter\3.3.5\spring-boot-starter-3.3.5.jar;C:\Users\Acer\.m2\repository\org\springframework\boot\spring-boot\3.3.5\spring-boot-3.3.5.jar;C:\Users\Acer\.m2\repository\org\springframework\spring-context\6.1.14\spring-context-6.1.14.jar;C:\Users\Acer\.m2\repository\org\springframework\spring-expression\6.1.14\spring-expression-6.1.14.jar;C:\Users\Acer\.m2\repository\io\micrometer\micrometer-observation\1.13.6\micrometer-observation-1.13.6.jar;C:\Users\Acer\.m2\repository\io\micrometer\micrometer-commons\1.13.6\micrometer-commons-1.13.6.jar;C:\Users\Acer\.m2\repository\org\springframework\boot\spring-boot-autoconfigure\3.3.5\spring-boot-autoconfigure-3.3.5.jar;C:\Users\Acer\.m2\repository\org\springframework\boot\spring-boot-starter-logging\3.3.5\spring-boot-starter-logging-3.3.5.jar;C:\Users\Acer\.m2\repository\ch\qos\logback\logback-classic\1.5.11\logback-classic-1.5.11.jar;C:\Users\Acer\.m2\repository\ch\qos\logback\logback-core\1.5.11\logback-core-1.5.11.jar;C:\Users\Acer\.m2\repository\org\apache\logging\log4j\log4j-to-slf4j\2.23.1\log4j-to-slf4j-2.23.1.jar;C:\Users\Acer\.m2\repository\org\apache\logging\log4j\log4j-api\2.23.1\log4j-api-2.23.1.jar;C:\Users\Acer\.m2\repository\org\slf4j\jul-to-slf4j\2.0.16\jul-to-slf4j-2.0.16.jar;C:\Users\Acer\.m2\repository\jakarta\annotation\jakarta.annotation-api\2.1.1\jakarta.annotation-api-2.1.1.jar;C:\Users\Acer\.m2\repository\org\springframework\spring-core\6.1.14\spring-core-6.1.14.jar;C:\Users\Acer\.m2\repository\org\springframework\spring-jcl\6.1.14\spring-jcl-6.1.14.jar;C:\Users\Acer\.m2\repository\org\yaml\snakeyaml\2.2\snakeyaml-2.2.jar;C:\Users\Acer\.m2\repository\org\slf4j\slf4j-api\2.0.16\slf4j-api-2.0.16.jar;C:\Users\Acer\.m2\repository\jakarta\xml\bind\jakarta.xml.bind-api\4.0.2\jakarta.xml.bind-api-4.0.2.jar;C:\Users\Acer\.m2\repository\jakarta\activation\jakarta.activation-api\2.1.3\jakarta.activation-api-2.1.3.jar;C:\Users\Acer\.m2\repository\net\bytebuddy\byte-buddy\1.14.19\byte-buddy-1.14.19.jar;C:\Users\Acer\.m2\repository\org\springframework\boot\spring-boot-starter-data-jpa\3.3.5\spring-boot-starter-data-jpa-3.3.5.jar;C:\Users\Acer\.m2\repository\org\springframework\boot\spring-boot-starter-aop\3.3.5\spring-boot-starter-aop-3.3.5.jar;C:\Users\Acer\.m2\repository\org\springframework\spring-aop\6.1.14\spring-aop-6.1.14.jar;C:\Users\Acer\.m2\repository\org\aspectj\aspectjweaver\1.9.22.1\aspectjweaver-1.9.22.1.jar;C:\Users\Acer\.m2\repository\org\springframework\boot\spring-boot-starter-jdbc\3.3.5\spring-boot-starter-jdbc-3.3.5.jar;C:\Users\Acer\.m2\repository\com\zaxxer\HikariCP\5.1.0\HikariCP-5.1.0.jar;C:\Users\Acer\.m2\repository\org\springframework\spring-jdbc\6.1.14\spring-jdbc-6.1.14.jar;C:\Users\Acer\.m2\repository\org\hibernate\orm\hibernate-core\6.5.3.Final\hibernate-core-6.5.3.Final.jar;C:\Users\Acer\.m2\repository\jakarta\persistence\jakarta.persistence-api\3.1.0\jakarta.persistence-api-3.1.0.jar;C:\Users\Acer\.m2\repository\jakarta\transaction\jakarta.transaction-api\2.0.1\jakarta.transaction-api-2.0.1.jar;C:\Users\Acer\.m2\repository\org\jboss\logging\jboss-logging\3.5.3.Final\jboss-logging-3.5.3.Final.jar;C:\Users\Acer\.m2\repository\org\hibernate\common\hibernate-commons-annotations\6.0.6.Final\hibernate-commons-annotations-6.0.6.Final.jar;C:\Users\Acer\.m2\repository\io\smallrye\jandex\3.1.2\jandex-3.1.2.jar;C:\Users\Acer\.m2\repository\com\fasterxml\classmate\1.7.0\classmate-1.7.0.jar;C:\Users\Acer\.m2\repository\org\glassfish\jaxb\jaxb-runtime\4.0.5\jaxb-runtime-4.0.5.jar;C:\Users\Acer\.m2\repository\org\glassfish\jaxb\jaxb-core\4.0.5\jaxb-core-4.0.5.jar;C:\Users\Acer\.m2\repository\org\eclipse\angus\angus-activation\2.0.2\angus-activation-2.0.2.jar;C:\Users\Acer\.m2\repository\org\glassfish\jaxb\txw2\4.0.5\txw2-4.0.5.jar;C:\Users\Acer\.m2\repository\com\sun\istack\istack-commons-runtime\4.1.2\istack-commons-runtime-4.1.2.jar;C:\Users\Acer\.m2\repository\jakarta\inject\jakarta.inject-api\2.0.1\jakarta.inject-api-2.0.1.jar;C:\Users\Acer\.m2\repository\org\antlr\antlr4-runtime\4.13.0\antlr4-runtime-4.13.0.jar;C:\Users\Acer\.m2\repository\org\springframework\data\spring-data-jpa\3.3.5\spring-data-jpa-3.3.5.jar;C:\Users\Acer\.m2\repository\org\springframework\data\spring-data-commons\3.3.5\spring-data-commons-3.3.5.jar;C:\Users\Acer\.m2\repository\org\springframework\spring-orm\6.1.14\spring-orm-6.1.14.jar;C:\Users\Acer\.m2\repository\org\springframework\spring-tx\6.1.14\spring-tx-6.1.14.jar;C:\Users\Acer\.m2\repository\org\springframework\spring-beans\6.1.14\spring-beans-6.1.14.jar;C:\Users\Acer\.m2\repository\org\springframework\spring-aspects\6.1.14\spring-aspects-6.1.14.jar;C:\Users\Acer\.m2\repository\org\springframework\boot\spring-boot-devtools\3.3.5\spring-boot-devtools-3.3.5.jar;C:\Users\Acer\.m2\repository\org\postgresql\postgresql\42.7.4\postgresql-42.7.4.jar;C:\Users\Acer\.m2\repository\org\checkerframework\checker-qual\3.42.0\checker-qual-3.42.0.jar;C:\Users\Acer\.m2\repository\com\fasterxml\jackson\core\jackson-databind\2.18.0\jackson-databind-2.18.0.jar;C:\Users\Acer\.m2\repository\com\fasterxml\jackson\core\jackson-annotations\2.17.2\jackson-annotations-2.17.2.jar;C:\Users\Acer\.m2\repository\com\fasterxml\jackson\core\jackson-core\2.17.2\jackson-core-2.17.2.jar;C:\Users\Acer\.m2\repository\com\fasterxml\jackson\datatype\jackson-datatype-jsr310\2.18.1\jackson-datatype-jsr310-2.18.1.jar;C:\Users\Acer\.m2\repository\joda-time\joda-time\2.13.0\joda-time-2.13.0.jar
Launcher Type: SUN_STANDARD

[Global flags]
     intx CICompilerCount                          = 3                                         {product} {ergonomic}
     uint ConcGCThreads                            = 1                                         {product} {ergonomic}
     uint G1ConcRefinementThreads                  = 4                                         {product} {ergonomic}
   size_t G1HeapRegionSize                         = 1048576                                   {product} {ergonomic}
   size_t InitialHeapSize                          = 65011712                                  {product} {ergonomic}
   size_t MarkStackSize                            = 4194304                                   {product} {ergonomic}
   size_t MaxHeapSize                              = 1040187392                                {product} {ergonomic}
   size_t MaxNewSize                               = 623902720                                 {product} {ergonomic}
   size_t MinHeapDeltaBytes                        = 1048576                                   {product} {ergonomic}
   size_t MinHeapSize                              = 8388608                                   {product} {ergonomic}
    uintx NonNMethodCodeHeapSize                   = 5832780                                {pd product} {ergonomic}
    uintx NonProfiledCodeHeapSize                  = 122912730                              {pd product} {ergonomic}
    uintx ProfiledCodeHeapSize                     = 122912730                              {pd product} {ergonomic}
    uintx ReservedCodeCacheSize                    = 251658240                              {pd product} {ergonomic}
     bool SegmentedCodeCache                       = true                                      {product} {ergonomic}
   size_t SoftMaxHeapSize                          = 1040187392                             {manageable} {ergonomic}
     bool UseCompressedOops                        = true                           {product lp64_product} {ergonomic}
     bool UseG1GC                                  = true                                      {product} {ergonomic}
     bool UseLargePagesIndividualAllocation        = false                                  {pd product} {ergonomic}

Logging:
Log output configuration:
 #0: stdout all=warning uptime,level,tags foldmultilines=false
 #1: stderr all=off uptime,level,tags foldmultilines=false

Environment Variables:
PATH=C:\Program Files\Common Files\Oracle\Java\javapath;C:\Python312\Scripts\;C:\Python312\;C:\Python310\Scripts\;C:\Python310\;C:\Python3\DLLs;C:\Python3\Scripts;C:\Python3\Tools\ninja;C:\Python3\Tools;C:\Python3;C:\Users\Acer\AppData\Roaming\ActiveState\bin;C:\Windows\system32;C:\Windows;C:\Windows\System32\Wbem;C:\Windows\System32\WindowsPowerShell\v1.0\;C:\Windows\System32\OpenSSH\;C:\WINDOWS\system32;C:\WINDOWS;C:\WINDOWS\System32\Wbem;C:\WINDOWS\System32\WindowsPowerShell\v1.0\;C:\WINDOWS\System32\OpenSSH\;C:\ProgramData\chocolatey\bin;C:\Program Files (x86)\Gpg4win\..\GnuPG\bin;C:\Program Files\nodejs\;C:\Program Files\Java\jdk-22\bin;C:\Program Files\Git\cmd;C:\Users\Acer\AppData\Local\Microsoft\WindowsApps;;C:\Users\Acer\AppData\Local\Programs\Microsoft VS Code\bin;C:\Program Files\Azure Data Studio\bin;C:\Users\Acer\AppData\Roaming\npm;C:\Program Files\JetBrains\IntelliJ IDEA Community Edition 2024.2.1\bin;
USERNAME=Acer
OS=Windows_NT
PROCESSOR_IDENTIFIER=Intel64 Family 6 Model 142 Stepping 9, GenuineIntel
TMP=C:\Users\Acer\AppData\Local\Temp
TEMP=C:\Users\Acer\AppData\Local\Temp




Periodic native trim disabled

---------------  S Y S T E M  ---------------

OS:
 Windows 10 , 64 bit Build 19041 (10.0.19041.5072)
OS uptime: 6 days 4:04 hours

CPU: total 4 (initial active 4) (2 cores per cpu, 2 threads per core) family 6 model 142 stepping 9 microcode 0xb4, cx8, cmov, fxsr, ht, mmx, 3dnowpref, sse, sse2, sse3, ssse3, sse4.1, sse4.2, popcnt, lzcnt, tsc, tscinvbit, avx, avx2, aes, erms, clmul, bmi1, bmi2, adx, fma, vzeroupper, clflush, clflushopt, rdtscp, f16c
Processor Information for all 4 processors :
  Max Mhz: 2401, Current Mhz: 2400, Mhz Limit: 2376

Memory: 4k page, system-wide physical 3964M (15M free)
TotalPageFile size 16252M (AvailPageFile size 3M)
current process WorkingSet (physical memory assigned to process): 180M, peak: 183M
current process commit charge ("private bytes"): 242M, peak: 243M

vm_info: Java HotSpot(TM) 64-Bit Server VM (22.0.2+9-70) for windows-amd64 JRE (22.0.2+9-70), built on 2024-06-04T16:52:23Z by "mach5one" with MS VC++ 17.6 (VS2022)

END.
